<?xml version="1.0" encoding="UTF-8"?>
<!-- Generated by org.testng.reporters.JUnitXMLReporter -->
<testsuite hostname="PC-20160813TYNM" name="testNgTest" tests="10" failures="0" timestamp="26 Oct 2016 03:47:42 GMT" time="0.043" errors="0">
  <testcase name="testMethod" time="0.004" classname="com.testNg.methodTest"/>
  <testcase name="A0_test" time="0.006" classname="com.testNg.testCaseOneTest"/>
  <testcase name="B0_test" time="0.006" classname="com.testNg.testCaseTwoTest"/>
  <testcase name="classTest" time="0.008" classname="com.testNg.classTest"/>
  <testcase name="B1_test" time="0.001" classname="com.testNg.testCaseTwoTest"/>
  <testcase name="A1_test" time="0.003" classname="com.testNg.testCaseOneTest"/>
  <testcase name="B2_test" time="0.002" classname="com.testNg.testCaseTwoTest"/>
  <testcase name="A2_test" time="0.001" classname="com.testNg.testCaseOneTest"/>
  <testcase name="B3_test" time="0.003" classname="com.testNg.testCaseTwoTest"/>
  <testcase name="A3_test" time="0.003" classname="com.testNg.testCaseOneTest"/>
</testsuite> <!-- testNgTest -->
