<?xml version="1.0" encoding="UTF-8"?>
<!-- Generated by org.testng.reporters.JUnitXMLReporter -->
<testsuite hostname="PC-20160813TYNM" name="TestGroupsOne" tests="3" failures="0" timestamp="3 Mar 2017 03:50:26 GMT" time="0.042" errors="0">
  <testcase name="testNonExistentParameter" time="0.006" classname="com.testNg.TestngParameters"/>
  <testcase name="testSingleInteger" time="0.005" classname="com.testNg.TestngParameters"/>
  <testcase name="testSingleString" time="0.002" classname="com.testNg.TestngParameters"/>
</testsuite> <!-- TestGroupsOne -->
