<?xml version="1.0" encoding="UTF-8"?>
<testng-results skipped="0" failed="0" total="1" passed="1">
  <reporter-output>
  </reporter-output>
  <suite name="Default suite" duration-ms="146" started-at="2018-03-12T08:57:38Z" finished-at="2018-03-12T08:57:38Z">
    <groups>
    </groups>
    <test name="Default test" duration-ms="146" started-at="2018-03-12T08:57:38Z" finished-at="2018-03-12T08:57:38Z">
      <class name="com.test.beanShellJava">
        <test-method status="PASS" signature="testx()[pri:0, instance:com.test.beanShellJava@5f375618]" name="testx" duration-ms="33" started-at="2018-03-12T16:57:38Z" finished-at="2018-03-12T16:57:38Z">
          <reporter-output>
          </reporter-output>
        </test-method> <!-- testx -->
      </class> <!-- com.test.beanShellJava -->
    </test> <!-- Default test -->
  </suite> <!-- Default suite -->
</testng-results>
